[OK] collected=50 -> data/comments.csv (dedup)
[1] 2025-12-26T05:38:59+00:00 | - | [#7w0g] 死の騎士で味方2人が乙してる時でも隠者で突破できる方法を考えたい 輝剣の自動展開は安定したけど、最悪のケースを想定して初期杖で倒せるようになっと
[2] 2025-12-26T14:51:57+00:00 | - | [#5mfm] 3体カメラに収めながら引き撃ちで勝てなくはないだろうけどかなりの長丁場になるし難しいと思う 敵の数減らす前に味方が乙したら仕方ないって割り切れな
[3] 2025-12-26T07:19:37+00:00 | - | [#d7vg] 復讐者つかいです。先生方に質問です。 スキルのfp回復って使い勝手どんなもんなんでしょうか。ボス戦の立ち回りやfpが枯渇しちゃう状況について知り
[4] 2025-12-26T07:22:02+00:00 | - | [#7dah] それと、復讐者のトレンドが純物理属性の獣爪であることに、何か思うことがあるか教えて欲しいです! 2025-12-26 (金) 16:22:02 
[5] 2025-12-26T07:42:03+00:00 | - | [#dvgr] 復讐者から気を遣って貰うことは何もないよ 星光は全部持ってっていいし、属性痕をつけようとしてくれなくてよい スキルのFP回復が自前で使えなくなる
[6] 2025-12-26T11:22:41+00:00 | - | [#9b0s] 復讐者使ってる時に魔術師塔の星光全部もぎ取って戦闘中バキバキ割ってくる隠者ちゃんに度々マッチして自前で回復できなかったっけ？？？と思って記事見に
[7] 2025-12-26T07:56:55+00:00 | - | [#7vgh] ありがとうございます!! 星光の配分はコミュニケーション面も兼ねて、これからもしていくつもりですが、基本的には隠者さんを信じようと思います。 や
[8] 2025-12-26T07:57:45+00:00 | - | [#c8iw] 上のコメントへの返信です。 2025-12-26 (金) 16:57:45 [ID:m-bhmn-8a58-a6lq]
[9] 2025-12-26T13:28:31+00:00 | - | [#3prh] 深度5でグノでキャラ被って譲ったら聖印でやすい隠者だったけど、結晶で良くね? ひたすら黒炎投げてて削り遅かったから常世引いてたらヤバそうだった。
[10] 2025-12-26T13:57:45+00:00 | - | [#1f9d] 全部魔術でいいはそれはそう グノカリゴに関しては巨人か狂い火の方が結晶より火力は出るけど、安定性は圧倒的に結晶だし結晶で殴りやすいし それはそれ
[11] 2025-12-26T18:47:42+00:00 | - | [#3ke9] 常世なら寄生中のスリップダメージを狙って黒炎メインにしてたんじゃない？ あと隠者被りに悪いイメージ持ってる方が良くないと思う FP回復はアーツの
[12] 2025-12-27T04:09:11+00:00 | - | [#4iga] 隠者被りはアーツ回せば結構強いから譲らなくてもいいんじゃない？ 2025-12-27 (土) 13:09:11 [ID:m-47sr-6f28-
[13] 2025-12-27T12:30:14+00:00 | - | [#a13s] グノは多分そうかな。カリゴは、直下ブレスの合間も攻撃できる点で、 黒炎や巨人火のほうが強いと思ってる。ただ、こっちは好み 2025-12-27 
[14] 2025-12-27T10:09:10+00:00 | - | [#447p] 隠者の技量遺物って快適になるけど火力低下がキツイな 2025-12-27 (土) 19:09:10 [ID:p-ac1n-8a58-8eiw] 
[15] 2025-12-27T17:38:42+00:00 | - | [#drr1] 知力低下分は付帯かタリスマンで火力アップを積めば相殺されるけど、通常枠のやつなら遺物1枠分をまるまる捨てることになるからね 特化か侵入バフあたり
[16] 2025-12-27T16:04:05+00:00 | - | [#3d62] 魔攻+2と魔術師塔のトレードオフなら塔のほうがいいかな？ 2025-12-28 (日) 01:04:05 [ID:m-2w1y-f849-bci
[17] 2025-12-27T17:58:40+00:00 | - | [#54pp] FP切らしてダメージ効率が落ちてる実感が強いなら塔かな 1箇所だけ回れた前提で魔術を滅びだと、FP枯渇まで序盤で0.5発、終盤で1発多く連射でき
[18] 2025-12-27T22:41:41+00:00 | - | [#10hf] 普段思い出してFP最大値もうちょい欲しいなと感じるか否かじゃないかな 潜在でFP最大値積極的に取ってるかとか、武器付帯にFP最大値あると嬉しく感
[19] 2025-12-28T08:13:10+00:00 | - | [#eoou] 汎用性をとるなら属性強化の方でいい感じでしょうか。 あるいは魔法しか使わない前提で魔術強化を乗せた方がいいですか？ 殴る可能性を含めたら属性強化
[20] 2025-12-28T09:11:25+00:00 | - | [#caa4] 祈祷を含め最も選択肢が多く汎用性が高いのは属性攻撃力 魔術しか使う気がなく、ダメージを追求したいなら魔力攻撃力（主に特化向き） 魔術強化は岩石弾
[21] 2025-12-28T19:39:01+00:00 | - | [#82l2] 属性強化がない祈祷は使い物にならないってことはないので、どうなっても困るレベルではない 杖を引けなくて、狂い火、巨人の火、雷の槍あたりを使わざる
[22] 2025-12-29T03:30:06+00:00 | - | [#365b] ボスにもよるけど礫教からすると属性はありえない。祈祷なんてモーション長すぎ当てずらすぎで使えない。魔力強化の付帯集めてて狂い火でたら付帯集めなお
[23] 2025-12-28T09:01:52+00:00 | - | [#ctoy] なんだかんだで弱点らしい弱点ない相手には遠距離魔術隠者持ってくのが一番楽だな。 自分は重力魔術特化でやってるけど、いい遺物引ければ輝剣特化とかの
[24] 2025-12-28T16:45:57+00:00 | - | [#9nya] 輝剣やたら外れて使いにくいと思うの俺だけか？ 人型ボスとかはカカシ殴りよりかなりDPS下がってそうで持ち込むの憚られるわ 2025-12-29 
[25] 2025-12-28T19:55:21+00:00 | - | [#1dwt] 輝剣特化でも深夜遺物側に魔攻ついてるなら、途中で滅びか結晶メインに乗り換えすることにはなるかな 円陣とかも使いこなせて、ファーム中盤までは安定し
[26] 2025-12-29T00:44:10+00:00 | - | [#67kf] どんな魔術、祈祷が来ても使えるように知、信上昇、精神低下遺物付けて汎用重視にしたいけど、上振れならやっぱ結晶特化とかの方が強いんよなぁ 2025
[27] 2025-12-29T01:37:33+00:00 | - | [#496c] いや、精神下げたら思いきという使えんやろ。 素直に属性3積みに骨入れて残りで耐久補強しとき。 2025-12-29 (月) 10:37:33 [
[28] 2025-12-29T01:45:24+00:00 | - | [#4k21] それFP下がりすぎるから速剣くらいしかまともに運用できんよ 2025-12-29 (月) 10:45:24 [ID:m-53uu-6f28-2a
[29] 2025-12-29T09:57:51+00:00 | - | [#9jpv] レベル７程度のFPでどうやりくりするかの話ではあるけど、連射想定で何発一気に打てるかが火力貢献に直結するということも忘れてはいけない ダメージが
[30] 2025-12-29T00:53:25+00:00 | - | [#27to] 砕け散る結晶無くて放つでやる羽目になってたマッチがあったんですけど、一層ボスのモーションに気を付けて動いて此処ぞにしか撃たないので特別感芽生えち
[31] 2025-12-29T01:28:38+00:00 | - | [#crab] 砕け散る結晶の功罪よなぁ、なんか万能感あるから ２日目宿将（と取り巻き）にずっと結晶擦ってた同僚がいたけど、結晶の距離じゃ彼らの技を捌けきれなく
[32] 2025-12-29T09:11:03+00:00 | - | [#8v60] 結晶擦り続けてる人からしたら、何でよりいつのがでかい 後隙刺せるようになったらグラとか瓦礫1番楽しい 2025-12-29 (月) 18:11:
[33] 2025-12-29T09:36:51+00:00 | - | [#d9mb] 詠唱速度の有無で全然変わるから慣れてないだけでは グラディウスの噛みつきとかも最速詠唱なら反撃されない 2025-12-29 (月) 18:36
[34] 2025-12-29T11:09:50+00:00 | - | [#1u1r] それこそ結晶のおやつな気がする カス当たりでもゴリゴリ削れるし、失地騎士タイプじゃなきゃ動き出す前に全部倒れる 2025-12-29 (月) 2
[35] 2025-12-30T08:46:17+00:00 | - | [#1yvd] 何度も倒れてるから、件の隠者は取り巻き騎士のも宿将のも、攻撃モーションが分かってなかったんだろうね その状態ならやっぱ、自分なら結晶はいったん別
[36] 2025-12-29T20:06:43+00:00 | - | [#4mrp] 初期魔術変更遺物来た時は嬉々として色々やってたけど結局つぶてが最強魔術だから変える意味なかったわ 2025-12-30 (火) 05:06:43
[37] 2025-12-30T02:06:11+00:00 | - | [#9kc6] ゲルミア特化出来るなら溶岩弾欲しいけど出来ないしな。 2025-12-30 (火) 11:06:11 [ID:p-cbru-1b68-7kwt]
[38] 2025-12-30T02:02:40+00:00 | - | [#1nyp] こいつの魔雷混成打つ時に、ぐるぐる回ると構えを維持できる時がある。一回制限時間超えるとずっと構えてられるから、もしボスクリアした時の宴会芸でやる
[39] 2025-12-30T02:57:35+00:00 | - | [#cn7v] 普通に長押ししてるだけで構え維持するぞ？ フルゴールとかに当てる時とかに有用だから活用してる人も多いじゃろう。 2025-12-30 (火) 1
[40] 2025-12-30T06:41:44+00:00 | - | [#ai1y] 深度5でHP最大時カット32%または40%でワンパン圏外になるHPってどれくらいなんだろう？深マリス一個じゃ絶対足りないよね(今まで火力しか盛っ
[41] 2025-12-30T07:53:38+00:00 | - | [#8ehh] 夜王の通常行動であれば32%とHP1000、40%とHP900が一つの目安になるけど、ボスの攻撃力やキャラ毎のカット率が微妙に違うので目安でしか
[42] 2025-12-30T08:27:47+00:00 | - | [#cm14] 鉄の目のページに有志がまとめてくれてるよ 隠者は鉄よりカット率低いからもうちょい盛らないと駄目かもしれない 2025-12-30 (火) 17:
[43] 2025-12-31T07:34:36+00:00 | - | [#e0ar] 表に常世マリスと生/筋/技上昇、裏にHP×3/対物2×1/対属2×2の遺物つければ近接型で深夜行けるかな？ だいたい深度3位だから乙らなければ大
[44] 2025-12-31T09:21:22+00:00 | - | [#d0ln] 生/筋/技てただのステアップ？ 隠者の素のステータスに筋技+3した程度で近接型とかやってたら晒されてもしゃあないレベル 2025-12-31 (
[45] 2025-12-31T11:31:26+00:00 | - | [#bh5o] 仲間内かソロでやりなさい 2025-12-31 (水) 20:31:26 [ID:m-9czd-cdee-2a3c]
[46] 2025-12-31T23:11:28+00:00 | - | [#a1rd] スタミナが近接職と比べて弱いからかなり長時間耐久出来ないと勝てないよ。耐久盛り近接隠者は1戦で結構味方の時間食うからまずソロでやるのオススメ 2
[47] 2026-01-01T08:33:48+00:00 | - | [#3i8e] 耐久はアーツHPだけで後は火力盛りなら深度5でも近接隠者いけてる 2026-01-01 (木) 17:33:48 [ID:m-4rlq-24c4
[48] 2025-12-31T17:30:49+00:00 | - | [#7fs6] 付帯増えてから詠唱カットがほんと出ない 2026-01-01 (木) 02:30:49 [ID:p-6l4d-3a71-85ta]
[49] 2026-01-02T03:46:18+00:00 | - | [#c4ze] 神深層遺物を付けると献器の兼ね合いで、アーツ時最大HP上昇を付けられないんですけど、これで深き夜って行って大丈夫そうですかね。耐久に少し不安があ
[50] 2026-01-02T03:51:45+00:00 | - | [#41bw] 補足すると、現在の遺物構成だと耐久は一切守らない汎用火力特化になってしまいます。火力もアーツ蓄積もfp関連も組み込めているんですけど、耐久に関す
